<?xml version="1.0" encoding="UTF-8"?>
<!-- Generated by org.testng.reporters.JUnitReportReporter -->
<testsuite hostname="Expert" failures="0" tests="4" name="AdminPageTest" time="100.325" errors="0" timestamp="6 Apr 2020 06:57:51 GMT">
  <testcase classname="AdminPageTest" name="Get_EMP_List" time="43.736"/>
  <testcase classname="AdminPageTest" name="add_Employee_Test" time="15.166"/>
  <testcase classname="AdminPageTest" name="verify_adminPage_tittle_Test" time="13.169"/>
  <testcase classname="AdminPageTest" name="verify_PIM_Test" time="28.254"/>
</testsuite> <!-- AdminPageTest -->
