<?xml version="1.0" encoding="UTF-8"?>
<!-- Generated by org.testng.reporters.JUnitReportReporter -->
<testsuite hostname="Expert" failures="0" tests="2"
	name="LoginPageTest" time="29.586" errors="0"
	timestamp="05 Apr 2020 09:26:43 GMT" skipped="0">
	<testcase classname="LoginPageTest"
		name="login_Page_tittle_Test" time="5.960" />
	<testcase classname="LoginPageTest" name="loginTest"
		time="23.626" />
</testsuite> <!-- LoginPageTest -->
