<?xml version="1.0" encoding="UTF-8"?>
<!-- Generated by org.testng.reporters.JUnitReportReporter -->
<testsuite hostname="Expert" failures="0" tests="7"
	name="EmployeePageTest" time="241.360" errors="0"
	timestamp="05 Apr 2020 09:33:27 GMT" skipped="0">
	<testcase classname="EmployeePageTest"
		name="verify_adminPage_tittle_Test" time="25.049" />
	<testcase classname="EmployeePageTest"
		name="AddEMP_Details_Test" time="35.102" />
	<testcase classname="EmployeePageTest"
		name="AddEMP_Details_Test" time="47.510" />
	<testcase classname="EmployeePageTest"
		name="AddEMP_Details_Test" time="31.787" />
	<testcase classname="EmployeePageTest"
		name="AddEMP_Details_Test" time="32.353" />
	<testcase classname="EmployeePageTest"
		name="AddEMP_Details_Test" time="36.859" />
	<testcase classname="EmployeePageTest"
		name="AddEMP_Details_Test" time="32.700" />
</testsuite> <!-- EmployeePageTest -->
