<?xml version="1.0" encoding="UTF-8"?>
<!-- Generated by org.testng.reporters.JUnitReportReporter -->
<testsuite hostname="Expert" failures="0" tests="1"
	name="Personal_details_pageTEST" time="52.103" errors="0"
	timestamp="05 Apr 2020 08:12:04 GMT" skipped="0">
	<testcase classname="Personal_details_pageTEST"
		name="Add_personalDetails_Test" time="52.103" />
</testsuite> <!-- Personal_details_pageTEST -->
